<?xml version="1.0" encoding="UTF-8"?>
<coverage generated="1653266694458" clover="3.2.0">
  <project timestamp="1653266694458" name="All files">
    <metrics statements="133" coveredstatements="93" conditionals="65" coveredconditionals="49" methods="42" coveredmethods="35" elements="240" coveredelements="177" complexity="0" loc="133" ncloc="133" packages="5" files="13" classes="13"/>
    <package name="src">
      <metrics statements="62" coveredstatements="22" conditionals="14" coveredconditionals="3" methods="12" coveredmethods="5"/>
      <file name="App.js" path="/Users/mattallen/Development/star-wars-store/src/App.js">
        <metrics statements="26" coveredstatements="9" conditionals="6" coveredconditionals="1" methods="4" coveredmethods="2"/>
        <line num="21" count="2" type="stmt"/>
        <line num="24" count="2" type="stmt"/>
        <line num="27" count="2" type="stmt"/>
        <line num="28" count="1" type="stmt"/>
        <line num="29" count="1" type="cond" truecount="1" falsecount="1"/>
        <line num="33" count="2" type="stmt"/>
        <line num="36" count="2" type="stmt"/>
        <line num="37" count="0" type="stmt"/>
        <line num="38" count="0" type="stmt"/>
        <line num="43" count="0" type="cond" truecount="0" falsecount="4"/>
        <line num="45" count="0" type="stmt"/>
        <line num="46" count="0" type="stmt"/>
        <line num="47" count="0" type="stmt"/>
        <line num="49" count="0" type="stmt"/>
        <line num="50" count="0" type="stmt"/>
        <line num="51" count="0" type="stmt"/>
        <line num="53" count="0" type="stmt"/>
        <line num="54" count="0" type="stmt"/>
        <line num="55" count="0" type="stmt"/>
        <line num="56" count="0" type="stmt"/>
        <line num="59" count="0" type="stmt"/>
        <line num="60" count="0" type="stmt"/>
        <line num="65" count="2" type="stmt"/>
        <line num="66" count="0" type="stmt"/>
        <line num="67" count="0" type="stmt"/>
        <line num="70" count="2" type="stmt"/>
      </file>
      <file name="ErrorBoundary.js" path="/Users/mattallen/Development/star-wars-store/src/ErrorBoundary.js">
        <metrics statements="7" coveredstatements="7" conditionals="2" coveredconditionals="2" methods="3" coveredmethods="3"/>
        <line num="14" count="2" type="stmt"/>
        <line num="15" count="1" type="stmt"/>
        <line num="19" count="1" type="stmt"/>
        <line num="20" count="1" type="stmt"/>
        <line num="24" count="2" type="cond" truecount="2" falsecount="0"/>
        <line num="25" count="1" type="stmt"/>
        <line num="40" count="1" type="stmt"/>
      </file>
      <file name="cartHelpers.js" path="/Users/mattallen/Development/star-wars-store/src/cartHelpers.js">
        <metrics statements="28" coveredstatements="5" conditionals="6" coveredconditionals="0" methods="5" coveredmethods="0"/>
        <line num="2" count="1" type="stmt"/>
        <line num="3" count="0" type="stmt"/>
        <line num="4" count="0" type="cond" truecount="0" falsecount="2"/>
        <line num="5" count="0" type="stmt"/>
        <line num="8" count="0" type="stmt"/>
        <line num="11" count="1" type="stmt"/>
        <line num="14" count="1" type="stmt"/>
        <line num="16" count="0" type="cond" truecount="0" falsecount="2"/>
        <line num="17" count="0" type="stmt"/>
        <line num="18" count="0" type="stmt"/>
        <line num="19" count="0" type="stmt"/>
        <line num="20" count="0" type="stmt"/>
        <line num="23" count="0" type="stmt"/>
        <line num="30" count="0" type="stmt"/>
        <line num="31" count="0" type="stmt"/>
        <line num="33" count="0" type="stmt"/>
        <line num="37" count="1" type="stmt"/>
        <line num="39" count="0" type="stmt"/>
        <line num="40" count="0" type="stmt"/>
        <line num="41" count="0" type="stmt"/>
        <line num="42" count="0" type="stmt"/>
        <line num="45" count="0" type="cond" truecount="0" falsecount="2"/>
        <line num="47" count="0" type="stmt"/>
        <line num="51" count="1" type="stmt"/>
        <line num="53" count="0" type="stmt"/>
        <line num="54" count="0" type="stmt"/>
        <line num="55" count="0" type="stmt"/>
        <line num="57" count="0" type="stmt"/>
      </file>
      <file name="ships.js" path="/Users/mattallen/Development/star-wars-store/src/ships.js">
        <metrics statements="1" coveredstatements="1" conditionals="0" coveredconditionals="0" methods="0" coveredmethods="0"/>
        <line num="24" count="2" type="stmt"/>
      </file>
    </package>
    <package name="src.Components">
      <metrics statements="3" coveredstatements="3" conditionals="2" coveredconditionals="1" methods="1" coveredmethods="1"/>
      <file name="Header.js" path="/Users/mattallen/Development/star-wars-store/src/Components/Header.js">
        <metrics statements="3" coveredstatements="3" conditionals="2" coveredconditionals="1" methods="1" coveredmethods="1"/>
        <line num="17" count="1" type="stmt"/>
        <line num="20" count="2" type="stmt"/>
        <line num="31" count="2" type="stmt"/>
      </file>
    </package>
    <package name="src.Components.cart">
      <metrics statements="14" coveredstatements="14" conditionals="4" coveredconditionals="4" methods="7" coveredmethods="7"/>
      <file name="CartDrawer.js" path="/Users/mattallen/Development/star-wars-store/src/Components/cart/CartDrawer.js">
        <metrics statements="9" coveredstatements="9" conditionals="4" coveredconditionals="4" methods="3" coveredmethods="3"/>
        <line num="22" count="2" type="stmt"/>
        <line num="31" count="13" type="stmt"/>
        <line num="34" count="13" type="stmt"/>
        <line num="37" count="13" type="stmt"/>
        <line num="38" count="1" type="stmt"/>
        <line num="39" count="1" type="stmt"/>
        <line num="43" count="13" type="stmt"/>
        <line num="44" count="9" type="stmt"/>
        <line num="47" count="13" type="stmt"/>
      </file>
      <file name="CartDrawerCard.js" path="/Users/mattallen/Development/star-wars-store/src/Components/cart/CartDrawerCard.js">
        <metrics statements="5" coveredstatements="5" conditionals="0" coveredconditionals="0" methods="4" coveredmethods="4"/>
        <line num="12" count="3" type="stmt"/>
        <line num="13" count="78" type="stmt"/>
        <line num="46" count="4" type="stmt"/>
        <line num="56" count="2" type="stmt"/>
        <line num="62" count="3" type="stmt"/>
      </file>
    </package>
    <package name="src.Components.checkout">
      <metrics statements="39" coveredstatements="39" conditionals="45" coveredconditionals="41" methods="15" coveredmethods="15"/>
      <file name="CheckoutForm.js" path="/Users/mattallen/Development/star-wars-store/src/Components/checkout/CheckoutForm.js">
        <metrics statements="4" coveredstatements="4" conditionals="32" coveredconditionals="30" methods="3" coveredmethods="3"/>
        <line num="20" count="2" type="stmt"/>
        <line num="26" count="71" type="stmt"/>
        <line num="135" count="112" type="stmt"/>
        <line num="166" count="84" type="stmt"/>
      </file>
      <file name="CheckoutPage.js" path="/Users/mattallen/Development/star-wars-store/src/Components/checkout/CheckoutPage.js">
        <metrics statements="16" coveredstatements="16" conditionals="2" coveredconditionals="1" methods="5" coveredmethods="5"/>
        <line num="10" count="2" type="stmt"/>
        <line num="13" count="71" type="stmt"/>
        <line num="14" count="71" type="stmt"/>
        <line num="21" count="71" type="stmt"/>
        <line num="22" count="71" type="stmt"/>
        <line num="28" count="71" type="stmt"/>
        <line num="31" count="71" type="stmt"/>
        <line num="34" count="2" type="stmt"/>
        <line num="41" count="2" type="stmt"/>
        <line num="42" count="2" type="stmt"/>
        <line num="43" count="2" type="stmt"/>
        <line num="55" count="2" type="stmt"/>
        <line num="59" count="71" type="stmt"/>
        <line num="60" count="1" type="stmt"/>
        <line num="61" count="1" type="stmt"/>
        <line num="64" count="71" type="stmt"/>
      </file>
      <file name="OrderReviewPane.js" path="/Users/mattallen/Development/star-wars-store/src/Components/checkout/OrderReviewPane.js">
        <metrics statements="4" coveredstatements="4" conditionals="10" coveredconditionals="10" methods="3" coveredmethods="3"/>
        <line num="17" count="2" type="stmt"/>
        <line num="28" count="72" type="stmt"/>
        <line num="41" count="69" type="stmt"/>
        <line num="96" count="1" type="stmt"/>
      </file>
      <file name="testHelpers.js" path="/Users/mattallen/Development/star-wars-store/src/Components/checkout/testHelpers.js">
        <metrics statements="15" coveredstatements="15" conditionals="1" coveredconditionals="0" methods="4" coveredmethods="4"/>
        <line num="5" count="1" type="stmt"/>
        <line num="6" count="6" type="stmt"/>
        <line num="20" count="1" type="cond" truecount="0" falsecount="1"/>
        <line num="21" count="15" type="stmt"/>
        <line num="30" count="1" type="stmt"/>
        <line num="31" count="3" type="stmt"/>
        <line num="43" count="1" type="stmt"/>
        <line num="44" count="2" type="stmt"/>
        <line num="45" count="2" type="stmt"/>
        <line num="46" count="2" type="stmt"/>
        <line num="47" count="2" type="stmt"/>
        <line num="48" count="2" type="stmt"/>
        <line num="49" count="2" type="stmt"/>
        <line num="50" count="2" type="stmt"/>
        <line num="51" count="2" type="stmt"/>
      </file>
    </package>
    <package name="src.Components.products">
      <metrics statements="15" coveredstatements="15" conditionals="0" coveredconditionals="0" methods="7" coveredmethods="7"/>
      <file name="ProductGrid.js" path="/Users/mattallen/Development/star-wars-store/src/Components/products/ProductGrid.js">
        <metrics statements="11" coveredstatements="11" conditionals="0" coveredconditionals="0" methods="5" coveredmethods="5"/>
        <line num="16" count="2" type="stmt"/>
        <line num="19" count="12" type="stmt"/>
        <line num="22" count="12" type="stmt"/>
        <line num="25" count="12" type="stmt"/>
        <line num="26" count="2" type="stmt"/>
        <line num="27" count="2" type="stmt"/>
        <line num="31" count="12" type="stmt"/>
        <line num="32" count="120" type="stmt"/>
        <line num="37" count="1" type="stmt"/>
        <line num="43" count="2" type="stmt"/>
        <line num="47" count="12" type="stmt"/>
      </file>
      <file name="ProductModal.js" path="/Users/mattallen/Development/star-wars-store/src/Components/products/ProductModal.js">
        <metrics statements="4" coveredstatements="4" conditionals="0" coveredconditionals="0" methods="2" coveredmethods="2"/>
        <line num="13" count="2" type="stmt"/>
        <line num="16" count="12" type="stmt"/>
        <line num="17" count="1" type="stmt"/>
        <line num="23" count="12" type="stmt"/>
      </file>
    </package>
  </project>
</coverage>
