{"/Users/mattallen/Development/star-wars-ship-store/src/App.js": {"path":"/Users/mattallen/Development/star-wars-ship-store/src/App.js","statementMap":{"0":{"start":{"line":21,"column":25},"end":{"line":21,"column":72}},"1":{"start":{"line":24,"column":16},"end":{"line":24,"column":33}},"2":{"start":{"line":27,"column":2},"end":{"line":30,"column":5}},"3":{"start":{"line":28,"column":17},"end":{"line":28,"column":57}},"4":{"start":{"line":29,"column":4},"end":{"line":29,"column":27}},"5":{"start":{"line":29,"column":14},"end":{"line":29,"column":27}},"6":{"start":{"line":33,"column":34},"end":{"line":33,"column":49}},"7":{"start":{"line":36,"column":21},"end":{"line":62,"column":3}},"8":{"start":{"line":37,"column":18},"end":{"line":37,"column":42}},"9":{"start":{"line":38,"column":18},"end":{"line":38,"column":33}},"10":{"start":{"line":43,"column":4},"end":{"line":57,"column":5}},"11":{"start":{"line":45,"column":8},"end":{"line":45,"column":49}},"12":{"start":{"line":46,"column":8},"end":{"line":46,"column":36}},"13":{"start":{"line":47,"column":8},"end":{"line":47,"column":14}},"14":{"start":{"line":49,"column":8},"end":{"line":49,"column":56}},"15":{"start":{"line":50,"column":8},"end":{"line":50,"column":38}},"16":{"start":{"line":51,"column":8},"end":{"line":51,"column":14}},"17":{"start":{"line":53,"column":8},"end":{"line":53,"column":54}},"18":{"start":{"line":54,"column":8},"end":{"line":54,"column":38}},"19":{"start":{"line":55,"column":8},"end":{"line":55,"column":14}},"20":{"start":{"line":56,"column":15},"end":{"line":56,"column":27}},"21":{"start":{"line":59,"column":4},"end":{"line":59,"column":21}},"22":{"start":{"line":60,"column":4},"end":{"line":60,"column":58}},"23":{"start":{"line":65,"column":20},"end":{"line":68,"column":3}},"24":{"start":{"line":66,"column":4},"end":{"line":66,"column":51}},"25":{"start":{"line":67,"column":4},"end":{"line":67,"column":36}},"26":{"start":{"line":70,"column":2},"end":{"line":92,"column":4}}},"fnMap":{"0":{"name":"App","decl":{"start":{"line":18,"column":9},"end":{"line":18,"column":12}},"loc":{"start":{"line":18,"column":15},"end":{"line":93,"column":1}},"line":18},"1":{"name":"(anonymous_1)","decl":{"start":{"line":27,"column":13},"end":{"line":27,"column":14}},"loc":{"start":{"line":27,"column":18},"end":{"line":30,"column":1}},"line":27},"2":{"name":"(anonymous_2)","decl":{"start":{"line":36,"column":21},"end":{"line":36,"column":22}},"loc":{"start":{"line":36,"column":41},"end":{"line":62,"column":3}},"line":36},"3":{"name":"(anonymous_3)","decl":{"start":{"line":65,"column":20},"end":{"line":65,"column":21}},"loc":{"start":{"line":65,"column":26},"end":{"line":68,"column":3}},"line":65}},"branchMap":{"0":{"loc":{"start":{"line":29,"column":4},"end":{"line":29,"column":27}},"type":"if","locations":[{"start":{"line":29,"column":4},"end":{"line":29,"column":27}},{"start":{},"end":{}}],"line":29},"1":{"loc":{"start":{"line":43,"column":4},"end":{"line":57,"column":5}},"type":"switch","locations":[{"start":{"line":44,"column":6},"end":{"line":47,"column":14}},{"start":{"line":48,"column":6},"end":{"line":51,"column":14}},{"start":{"line":52,"column":6},"end":{"line":55,"column":14}},{"start":{"line":56,"column":6},"end":{"line":56,"column":27}}],"line":43}},"s":{"0":2,"1":2,"2":2,"3":1,"4":1,"5":0,"6":2,"7":2,"8":0,"9":0,"10":0,"11":0,"12":0,"13":0,"14":0,"15":0,"16":0,"17":0,"18":0,"19":0,"20":0,"21":0,"22":0,"23":2,"24":0,"25":0,"26":2},"f":{"0":2,"1":1,"2":0,"3":0},"b":{"0":[0,1],"1":[0,0,0,0]},"_coverageSchema":"1a1c01bbd47fc00a2c39e90264f33305004495a9","hash":"db57c6b54ffa1439259a7a082d823677f15182ac"}
,"/Users/mattallen/Development/star-wars-ship-store/src/ErrorBoundary.js": {"path":"/Users/mattallen/Development/star-wars-ship-store/src/ErrorBoundary.js","statementMap":{"0":{"start":{"line":14,"column":4},"end":{"line":14,"column":17}},"1":{"start":{"line":15,"column":4},"end":{"line":15,"column":35}},"2":{"start":{"line":19,"column":6},"end":{"line":19,"column":24}},"3":{"start":{"line":20,"column":6},"end":{"line":20,"column":28}},"4":{"start":{"line":24,"column":4},"end":{"line":39,"column":5}},"5":{"start":{"line":25,"column":6},"end":{"line":38,"column":7}},"6":{"start":{"line":40,"column":4},"end":{"line":40,"column":30}}},"fnMap":{"0":{"name":"(anonymous_0)","decl":{"start":{"line":13,"column":2},"end":{"line":13,"column":3}},"loc":{"start":{"line":13,"column":21},"end":{"line":16,"column":3}},"line":13},"1":{"name":"(anonymous_1)","decl":{"start":{"line":18,"column":2},"end":{"line":18,"column":3}},"loc":{"start":{"line":18,"column":39},"end":{"line":21,"column":3}},"line":18},"2":{"name":"(anonymous_2)","decl":{"start":{"line":23,"column":2},"end":{"line":23,"column":3}},"loc":{"start":{"line":23,"column":11},"end":{"line":41,"column":3}},"line":23}},"branchMap":{"0":{"loc":{"start":{"line":24,"column":4},"end":{"line":39,"column":5}},"type":"if","locations":[{"start":{"line":24,"column":4},"end":{"line":39,"column":5}},{"start":{},"end":{}}],"line":24}},"s":{"0":2,"1":1,"2":1,"3":1,"4":2,"5":1,"6":1},"f":{"0":2,"1":1,"2":2},"b":{"0":[1,1]},"_coverageSchema":"1a1c01bbd47fc00a2c39e90264f33305004495a9","hash":"6a1c4734ea04af2f3b521670a15f0cbcb1d96cd7"}
,"/Users/mattallen/Development/star-wars-ship-store/src/cartHelpers.js": {"path":"/Users/mattallen/Development/star-wars-ship-store/src/cartHelpers.js","statementMap":{"0":{"start":{"line":2,"column":26},"end":{"line":9,"column":3}},"1":{"start":{"line":3,"column":4},"end":{"line":7,"column":5}},"2":{"start":{"line":3,"column":17},"end":{"line":3,"column":18}},"3":{"start":{"line":4,"column":6},"end":{"line":6,"column":7}},"4":{"start":{"line":5,"column":8},"end":{"line":5,"column":17}},"5":{"start":{"line":8,"column":4},"end":{"line":8,"column":16}},"6":{"start":{"line":11,"column":25},"end":{"line":11,"column":69}},"7":{"start":{"line":11,"column":35},"end":{"line":11,"column":69}},"8":{"start":{"line":14,"column":25},"end":{"line":34,"column":1}},"9":{"start":{"line":16,"column":1},"end":{"line":32,"column":2}},"10":{"start":{"line":17,"column":3},"end":{"line":17,"column":32}},"11":{"start":{"line":18,"column":3},"end":{"line":18,"column":19}},"12":{"start":{"line":19,"column":3},"end":{"line":19,"column":44}},"13":{"start":{"line":20,"column":3},"end":{"line":20,"column":34}},"14":{"start":{"line":23,"column":3},"end":{"line":29,"column":5}},"15":{"start":{"line":30,"column":3},"end":{"line":30,"column":34}},"16":{"start":{"line":31,"column":3},"end":{"line":31,"column":19}},"17":{"start":{"line":33,"column":1},"end":{"line":33,"column":13}},"18":{"start":{"line":37,"column":32},"end":{"line":48,"column":1}},"19":{"start":{"line":39,"column":1},"end":{"line":39,"column":30}},"20":{"start":{"line":40,"column":1},"end":{"line":40,"column":17}},"21":{"start":{"line":41,"column":1},"end":{"line":41,"column":32}},"22":{"start":{"line":42,"column":1},"end":{"line":42,"column":42}},"23":{"start":{"line":45,"column":1},"end":{"line":45,"column":66}},"24":{"start":{"line":45,"column":39},"end":{"line":45,"column":66}},"25":{"start":{"line":47,"column":1},"end":{"line":47,"column":12}},"26":{"start":{"line":51,"column":30},"end":{"line":59,"column":1}},"27":{"start":{"line":53,"column":1},"end":{"line":53,"column":34}},"28":{"start":{"line":54,"column":1},"end":{"line":54,"column":35}},"29":{"start":{"line":55,"column":1},"end":{"line":55,"column":32}},"30":{"start":{"line":56,"column":1},"end":{"line":56,"column":28}},"31":{"start":{"line":58,"column":1},"end":{"line":58,"column":13}}},"fnMap":{"0":{"name":"(anonymous_0)","decl":{"start":{"line":2,"column":26},"end":{"line":2,"column":27}},"loc":{"start":{"line":2,"column":44},"end":{"line":9,"column":3}},"line":2},"1":{"name":"(anonymous_1)","decl":{"start":{"line":11,"column":25},"end":{"line":11,"column":26}},"loc":{"start":{"line":11,"column":35},"end":{"line":11,"column":69}},"line":11},"2":{"name":"(anonymous_2)","decl":{"start":{"line":14,"column":25},"end":{"line":14,"column":26}},"loc":{"start":{"line":14,"column":49},"end":{"line":34,"column":1}},"line":14},"3":{"name":"(anonymous_3)","decl":{"start":{"line":37,"column":32},"end":{"line":37,"column":33}},"loc":{"start":{"line":37,"column":56},"end":{"line":48,"column":1}},"line":37},"4":{"name":"(anonymous_4)","decl":{"start":{"line":51,"column":30},"end":{"line":51,"column":31}},"loc":{"start":{"line":51,"column":54},"end":{"line":59,"column":1}},"line":51}},"branchMap":{"0":{"loc":{"start":{"line":4,"column":6},"end":{"line":6,"column":7}},"type":"if","locations":[{"start":{"line":4,"column":6},"end":{"line":6,"column":7}},{"start":{},"end":{}}],"line":4},"1":{"loc":{"start":{"line":16,"column":1},"end":{"line":32,"column":2}},"type":"if","locations":[{"start":{"line":16,"column":1},"end":{"line":32,"column":2}},{"start":{"line":21,"column":8},"end":{"line":32,"column":2}}],"line":16},"2":{"loc":{"start":{"line":45,"column":1},"end":{"line":45,"column":66}},"type":"if","locations":[{"start":{"line":45,"column":1},"end":{"line":45,"column":66}},{"start":{},"end":{}}],"line":45}},"s":{"0":1,"1":0,"2":0,"3":0,"4":0,"5":0,"6":1,"7":0,"8":1,"9":0,"10":0,"11":0,"12":0,"13":0,"14":0,"15":0,"16":0,"17":0,"18":1,"19":0,"20":0,"21":0,"22":0,"23":0,"24":0,"25":0,"26":1,"27":0,"28":0,"29":0,"30":0,"31":0},"f":{"0":0,"1":0,"2":0,"3":0,"4":0},"b":{"0":[0,0],"1":[0,0],"2":[0,0]},"_coverageSchema":"1a1c01bbd47fc00a2c39e90264f33305004495a9","hash":"35f03f7a0a9024b79416fcbfaa6ff4543a568fb8"}
,"/Users/mattallen/Development/star-wars-ship-store/src/hooks.js": {"path":"/Users/mattallen/Development/star-wars-ship-store/src/hooks.js","statementMap":{"0":{"start":{"line":3,"column":31},"end":{"line":13,"column":1}},"1":{"start":{"line":4,"column":16},"end":{"line":4,"column":26}},"2":{"start":{"line":6,"column":4},"end":{"line":12,"column":6}},"3":{"start":{"line":6,"column":30},"end":{"line":12,"column":6}}},"fnMap":{"0":{"name":"(anonymous_0)","decl":{"start":{"line":3,"column":31},"end":{"line":3,"column":32}},"loc":{"start":{"line":3,"column":37},"end":{"line":13,"column":1}},"line":3},"1":{"name":"(anonymous_1)","decl":{"start":{"line":6,"column":11},"end":{"line":6,"column":12}},"loc":{"start":{"line":6,"column":30},"end":{"line":12,"column":6}},"line":6}},"branchMap":{},"s":{"0":1,"1":2,"2":2,"3":0},"f":{"0":2,"1":0},"b":{},"_coverageSchema":"1a1c01bbd47fc00a2c39e90264f33305004495a9","hash":"447d2306f7f5feae640446710aa29857a1db759a"}
,"/Users/mattallen/Development/star-wars-ship-store/src/index.js": {"path":"/Users/mattallen/Development/star-wars-ship-store/src/index.js","statementMap":{"0":{"start":{"line":8,"column":0},"end":{"line":19,"column":2}}},"fnMap":{},"branchMap":{},"s":{"0":0},"f":{},"b":{}}
,"/Users/mattallen/Development/star-wars-ship-store/src/ships.js": {"path":"/Users/mattallen/Development/star-wars-ship-store/src/ships.js","statementMap":{"0":{"start":{"line":15,"column":14},"end":{"line":46,"column":1}}},"fnMap":{},"branchMap":{},"s":{"0":2},"f":{},"b":{},"_coverageSchema":"1a1c01bbd47fc00a2c39e90264f33305004495a9","hash":"34ffc1efd900c2e88754023c12d97f48010be8a6"}
,"/Users/mattallen/Development/star-wars-ship-store/src/Components/Header.js": {"path":"/Users/mattallen/Development/star-wars-ship-store/src/Components/Header.js","statementMap":{"0":{"start":{"line":17,"column":15},"end":{"line":78,"column":1}},"1":{"start":{"line":20,"column":4},"end":{"line":28,"column":25}},"2":{"start":{"line":31,"column":2},"end":{"line":77,"column":3}}},"fnMap":{"0":{"name":"(anonymous_0)","decl":{"start":{"line":17,"column":15},"end":{"line":17,"column":16}},"loc":{"start":{"line":17,"column":41},"end":{"line":78,"column":1}},"line":17}},"branchMap":{"0":{"loc":{"start":{"line":71,"column":12},"end":{"line":71,"column":42}},"type":"cond-expr","locations":[{"start":{"line":71,"column":25},"end":{"line":71,"column":35}},{"start":{"line":71,"column":38},"end":{"line":71,"column":42}}],"line":71}},"s":{"0":1,"1":2,"2":2},"f":{"0":2},"b":{"0":[0,2]},"_coverageSchema":"1a1c01bbd47fc00a2c39e90264f33305004495a9","hash":"e1b6e42ba3b28cf3232e2b6c201f430e87573543"}
,"/Users/mattallen/Development/star-wars-ship-store/src/Components/cart/CartDrawer.js": {"path":"/Users/mattallen/Development/star-wars-ship-store/src/Components/cart/CartDrawer.js","statementMap":{"0":{"start":{"line":22,"column":19},"end":{"line":104,"column":1}},"1":{"start":{"line":31,"column":21},"end":{"line":31,"column":29}},"2":{"start":{"line":34,"column":19},"end":{"line":34,"column":32}},"3":{"start":{"line":37,"column":28},"end":{"line":40,"column":3}},"4":{"start":{"line":38,"column":4},"end":{"line":38,"column":26}},"5":{"start":{"line":39,"column":4},"end":{"line":39,"column":13}},"6":{"start":{"line":43,"column":26},"end":{"line":45,"column":3}},"7":{"start":{"line":44,"column":4},"end":{"line":44,"column":66}},"8":{"start":{"line":47,"column":2},"end":{"line":103,"column":3}}},"fnMap":{"0":{"name":"(anonymous_0)","decl":{"start":{"line":22,"column":19},"end":{"line":22,"column":20}},"loc":{"start":{"line":28,"column":6},"end":{"line":104,"column":1}},"line":28},"1":{"name":"(anonymous_1)","decl":{"start":{"line":37,"column":28},"end":{"line":37,"column":29}},"loc":{"start":{"line":37,"column":34},"end":{"line":40,"column":3}},"line":37},"2":{"name":"(anonymous_2)","decl":{"start":{"line":43,"column":42},"end":{"line":43,"column":43}},"loc":{"start":{"line":44,"column":4},"end":{"line":44,"column":66}},"line":44}},"branchMap":{"0":{"loc":{"start":{"line":64,"column":26},"end":{"line":64,"column":53}},"type":"cond-expr","locations":[{"start":{"line":64,"column":43},"end":{"line":64,"column":47}},{"start":{"line":64,"column":50},"end":{"line":64,"column":53}}],"line":64},"1":{"loc":{"start":{"line":94,"column":24},"end":{"line":94,"column":56}},"type":"cond-expr","locations":[{"start":{"line":94,"column":44},"end":{"line":94,"column":49}},{"start":{"line":94,"column":52},"end":{"line":94,"column":56}}],"line":94}},"s":{"0":2,"1":13,"2":13,"3":13,"4":1,"5":1,"6":13,"7":9,"8":13},"f":{"0":13,"1":1,"2":9},"b":{"0":[7,6],"1":[9,4]},"_coverageSchema":"1a1c01bbd47fc00a2c39e90264f33305004495a9","hash":"a76c5fc355c492809f889411659ec492297fd1d5"}
,"/Users/mattallen/Development/star-wars-ship-store/src/Components/cart/CartDrawerCard.js": {"path":"/Users/mattallen/Development/star-wars-ship-store/src/Components/cart/CartDrawerCard.js","statementMap":{"0":{"start":{"line":12,"column":23},"end":{"line":54,"column":1}},"1":{"start":{"line":13,"column":4},"end":{"line":53,"column":13}},"2":{"start":{"line":26,"column":38},"end":{"line":26,"column":65}},"3":{"start":{"line":36,"column":38},"end":{"line":36,"column":60}},"4":{"start":{"line":46,"column":31},"end":{"line":46,"column":56}}},"fnMap":{"0":{"name":"(anonymous_0)","decl":{"start":{"line":12,"column":23},"end":{"line":12,"column":24}},"loc":{"start":{"line":13,"column":4},"end":{"line":53,"column":13}},"line":13},"1":{"name":"(anonymous_1)","decl":{"start":{"line":26,"column":33},"end":{"line":26,"column":34}},"loc":{"start":{"line":26,"column":38},"end":{"line":26,"column":65}},"line":26},"2":{"name":"(anonymous_2)","decl":{"start":{"line":36,"column":33},"end":{"line":36,"column":34}},"loc":{"start":{"line":36,"column":38},"end":{"line":36,"column":60}},"line":36},"3":{"name":"(anonymous_3)","decl":{"start":{"line":46,"column":26},"end":{"line":46,"column":27}},"loc":{"start":{"line":46,"column":31},"end":{"line":46,"column":56}},"line":46}},"branchMap":{},"s":{"0":3,"1":78,"2":4,"3":2,"4":3},"f":{"0":78,"1":4,"2":2,"3":3},"b":{},"_coverageSchema":"1a1c01bbd47fc00a2c39e90264f33305004495a9","hash":"72c003b8abbdea1fcbc4802edc36bdbd6588f1e1"}
,"/Users/mattallen/Development/star-wars-ship-store/src/Components/checkout/CheckoutForm.js": {"path":"/Users/mattallen/Development/star-wars-ship-store/src/Components/checkout/CheckoutForm.js","statementMap":{"0":{"start":{"line":19,"column":21},"end":{"line":209,"column":1}},"1":{"start":{"line":25,"column":4},"end":{"line":207,"column":10}},"2":{"start":{"line":128,"column":12},"end":{"line":140,"column":15}},"3":{"start":{"line":159,"column":14},"end":{"line":171,"column":17}}},"fnMap":{"0":{"name":"(anonymous_0)","decl":{"start":{"line":19,"column":21},"end":{"line":19,"column":22}},"loc":{"start":{"line":25,"column":4},"end":{"line":207,"column":10}},"line":25},"1":{"name":"(anonymous_1)","decl":{"start":{"line":127,"column":19},"end":{"line":127,"column":20}},"loc":{"start":{"line":128,"column":12},"end":{"line":140,"column":15}},"line":128},"2":{"name":"(anonymous_2)","decl":{"start":{"line":158,"column":21},"end":{"line":158,"column":22}},"loc":{"start":{"line":159,"column":14},"end":{"line":171,"column":17}},"line":159}},"branchMap":{"0":{"loc":{"start":{"line":40,"column":7},"end":{"line":40,"column":52}},"type":"cond-expr","locations":[{"start":{"line":40,"column":29},"end":{"line":40,"column":33}},{"start":{"line":40,"column":36},"end":{"line":40,"column":52}}],"line":40},"1":{"loc":{"start":{"line":41,"column":25},"end":{"line":41,"column":75}},"type":"binary-expr","locations":[{"start":{"line":41,"column":25},"end":{"line":41,"column":44}},{"start":{"line":41,"column":48},"end":{"line":41,"column":75}}],"line":41},"2":{"loc":{"start":{"line":52,"column":9},"end":{"line":52,"column":57}},"type":"cond-expr","locations":[{"start":{"line":52,"column":34},"end":{"line":52,"column":38}},{"start":{"line":52,"column":41},"end":{"line":52,"column":57}}],"line":52},"3":{"loc":{"start":{"line":53,"column":27},"end":{"line":53,"column":83}},"type":"binary-expr","locations":[{"start":{"line":53,"column":27},"end":{"line":53,"column":49}},{"start":{"line":53,"column":53},"end":{"line":53,"column":83}}],"line":53},"4":{"loc":{"start":{"line":65,"column":11},"end":{"line":65,"column":56}},"type":"cond-expr","locations":[{"start":{"line":65,"column":33},"end":{"line":65,"column":37}},{"start":{"line":65,"column":40},"end":{"line":65,"column":56}}],"line":65},"5":{"loc":{"start":{"line":66,"column":29},"end":{"line":66,"column":79}},"type":"binary-expr","locations":[{"start":{"line":66,"column":29},"end":{"line":66,"column":48}},{"start":{"line":66,"column":52},"end":{"line":66,"column":79}}],"line":66},"6":{"loc":{"start":{"line":77,"column":11},"end":{"line":77,"column":58}},"type":"cond-expr","locations":[{"start":{"line":77,"column":35},"end":{"line":77,"column":39}},{"start":{"line":77,"column":42},"end":{"line":77,"column":58}}],"line":77},"7":{"loc":{"start":{"line":78,"column":29},"end":{"line":78,"column":83}},"type":"binary-expr","locations":[{"start":{"line":78,"column":29},"end":{"line":78,"column":50}},{"start":{"line":78,"column":54},"end":{"line":78,"column":83}}],"line":78},"8":{"loc":{"start":{"line":120,"column":9},"end":{"line":120,"column":51}},"type":"cond-expr","locations":[{"start":{"line":120,"column":28},"end":{"line":120,"column":32}},{"start":{"line":120,"column":35},"end":{"line":120,"column":51}}],"line":120},"9":{"loc":{"start":{"line":121,"column":27},"end":{"line":121,"column":71}},"type":"binary-expr","locations":[{"start":{"line":121,"column":27},"end":{"line":121,"column":43}},{"start":{"line":121,"column":47},"end":{"line":121,"column":71}}],"line":121},"10":{"loc":{"start":{"line":138,"column":15},"end":{"line":138,"column":55}},"type":"cond-expr","locations":[{"start":{"line":138,"column":32},"end":{"line":138,"column":36}},{"start":{"line":138,"column":39},"end":{"line":138,"column":55}}],"line":138},"11":{"loc":{"start":{"line":139,"column":33},"end":{"line":139,"column":73}},"type":"binary-expr","locations":[{"start":{"line":139,"column":33},"end":{"line":139,"column":47}},{"start":{"line":139,"column":51},"end":{"line":139,"column":73}}],"line":139},"12":{"loc":{"start":{"line":169,"column":17},"end":{"line":169,"column":59}},"type":"cond-expr","locations":[{"start":{"line":169,"column":36},"end":{"line":169,"column":40}},{"start":{"line":169,"column":43},"end":{"line":169,"column":59}}],"line":169},"13":{"loc":{"start":{"line":170,"column":35},"end":{"line":170,"column":81}},"type":"binary-expr","locations":[{"start":{"line":170,"column":35},"end":{"line":170,"column":52}},{"start":{"line":170,"column":56},"end":{"line":170,"column":81}}],"line":170},"14":{"loc":{"start":{"line":202,"column":9},"end":{"line":202,"column":54}},"type":"cond-expr","locations":[{"start":{"line":202,"column":31},"end":{"line":202,"column":35}},{"start":{"line":202,"column":38},"end":{"line":202,"column":54}}],"line":202},"15":{"loc":{"start":{"line":203,"column":27},"end":{"line":203,"column":77}},"type":"binary-expr","locations":[{"start":{"line":203,"column":27},"end":{"line":203,"column":46}},{"start":{"line":203,"column":50},"end":{"line":203,"column":77}}],"line":203}},"s":{"0":2,"1":71,"2":112,"3":84},"f":{"0":71,"1":112,"2":84},"b":{"0":[0,71],"1":[71,0],"2":[1,70],"3":[71,1],"4":[1,70],"5":[71,1],"6":[1,70],"7":[71,1],"8":[1,70],"9":[71,1],"10":[2,110],"11":[112,2],"12":[2,82],"13":[84,2],"14":[1,70],"15":[71,1]},"_coverageSchema":"1a1c01bbd47fc00a2c39e90264f33305004495a9","hash":"8bc5e8db66911bb39308f1c190097d3bc7b73247"}
,"/Users/mattallen/Development/star-wars-ship-store/src/Components/checkout/CheckoutModal.js": {"path":"/Users/mattallen/Development/star-wars-ship-store/src/Components/checkout/CheckoutModal.js","statementMap":{"0":{"start":{"line":5,"column":22},"end":{"line":17,"column":1}},"1":{"start":{"line":7,"column":20},"end":{"line":7,"column":81}},"2":{"start":{"line":9,"column":2},"end":{"line":16,"column":3}}},"fnMap":{"0":{"name":"(anonymous_0)","decl":{"start":{"line":5,"column":22},"end":{"line":5,"column":23}},"loc":{"start":{"line":5,"column":54},"end":{"line":17,"column":1}},"line":5}},"branchMap":{},"s":{"0":2,"1":71,"2":71},"f":{"0":71},"b":{},"_coverageSchema":"1a1c01bbd47fc00a2c39e90264f33305004495a9","hash":"cdfd1f0ad788a8524297836272039de67433ef46"}
,"/Users/mattallen/Development/star-wars-ship-store/src/Components/checkout/CheckoutPage.js": {"path":"/Users/mattallen/Development/star-wars-ship-store/src/Components/checkout/CheckoutPage.js","statementMap":{"0":{"start":{"line":10,"column":21},"end":{"line":96,"column":1}},"1":{"start":{"line":13,"column":34},"end":{"line":13,"column":47}},"2":{"start":{"line":14,"column":35},"end":{"line":18,"column":4}},"3":{"start":{"line":21,"column":19},"end":{"line":21,"column":32}},"4":{"start":{"line":22,"column":34},"end":{"line":22,"column":49}},"5":{"start":{"line":28,"column":6},"end":{"line":28,"column":15}},"6":{"start":{"line":31,"column":19},"end":{"line":56,"column":3}},"7":{"start":{"line":34,"column":4},"end":{"line":38,"column":7}},"8":{"start":{"line":41,"column":4},"end":{"line":45,"column":7}},"9":{"start":{"line":42,"column":6},"end":{"line":44,"column":15}},"10":{"start":{"line":43,"column":10},"end":{"line":43,"column":20}},"11":{"start":{"line":55,"column":4},"end":{"line":55,"column":13}},"12":{"start":{"line":59,"column":20},"end":{"line":62,"column":3}},"13":{"start":{"line":60,"column":4},"end":{"line":60,"column":16}},"14":{"start":{"line":61,"column":4},"end":{"line":61,"column":18}},"15":{"start":{"line":64,"column":2},"end":{"line":95,"column":3}}},"fnMap":{"0":{"name":"(anonymous_0)","decl":{"start":{"line":10,"column":21},"end":{"line":10,"column":22}},"loc":{"start":{"line":10,"column":54},"end":{"line":96,"column":1}},"line":10},"1":{"name":"(anonymous_1)","decl":{"start":{"line":31,"column":19},"end":{"line":31,"column":20}},"loc":{"start":{"line":31,"column":33},"end":{"line":56,"column":3}},"line":31},"2":{"name":"(anonymous_2)","decl":{"start":{"line":41,"column":22},"end":{"line":41,"column":23}},"loc":{"start":{"line":41,"column":33},"end":{"line":45,"column":5}},"line":41},"3":{"name":"(anonymous_3)","decl":{"start":{"line":42,"column":17},"end":{"line":42,"column":18}},"loc":{"start":{"line":42,"column":23},"end":{"line":44,"column":7}},"line":42},"4":{"name":"(anonymous_4)","decl":{"start":{"line":59,"column":20},"end":{"line":59,"column":21}},"loc":{"start":{"line":59,"column":26},"end":{"line":62,"column":3}},"line":59}},"branchMap":{"0":{"loc":{"start":{"line":36,"column":20},"end":{"line":36,"column":66}},"type":"cond-expr","locations":[{"start":{"line":36,"column":41},"end":{"line":36,"column":51}},{"start":{"line":36,"column":54},"end":{"line":36,"column":66}}],"line":36}},"s":{"0":2,"1":71,"2":71,"3":71,"4":71,"5":71,"6":71,"7":2,"8":2,"9":2,"10":2,"11":2,"12":71,"13":1,"14":1,"15":71},"f":{"0":71,"1":2,"2":2,"3":2,"4":1},"b":{"0":[0,2]},"_coverageSchema":"1a1c01bbd47fc00a2c39e90264f33305004495a9","hash":"db73eeaa5042c28d5a4bbfaa8cfe85c786f2852d"}
,"/Users/mattallen/Development/star-wars-ship-store/src/Components/checkout/OrderReviewPane.js": {"path":"/Users/mattallen/Development/star-wars-ship-store/src/Components/checkout/OrderReviewPane.js","statementMap":{"0":{"start":{"line":17,"column":24},"end":{"line":101,"column":1}},"1":{"start":{"line":28,"column":4},"end":{"line":100,"column":13}},"2":{"start":{"line":41,"column":37},"end":{"line":41,"column":99}},"3":{"start":{"line":97,"column":31},"end":{"line":97,"column":76}}},"fnMap":{"0":{"name":"(anonymous_0)","decl":{"start":{"line":17,"column":24},"end":{"line":17,"column":25}},"loc":{"start":{"line":28,"column":4},"end":{"line":100,"column":13}},"line":28},"1":{"name":"(anonymous_1)","decl":{"start":{"line":41,"column":25},"end":{"line":41,"column":26}},"loc":{"start":{"line":41,"column":37},"end":{"line":41,"column":99}},"line":41},"2":{"name":"(anonymous_2)","decl":{"start":{"line":97,"column":26},"end":{"line":97,"column":27}},"loc":{"start":{"line":97,"column":31},"end":{"line":97,"column":76}},"line":97}},"branchMap":{"0":{"loc":{"start":{"line":53,"column":35},"end":{"line":53,"column":71}},"type":"cond-expr","locations":[{"start":{"line":53,"column":55},"end":{"line":53,"column":67}},{"start":{"line":53,"column":70},"end":{"line":53,"column":71}}],"line":53},"1":{"loc":{"start":{"line":58,"column":35},"end":{"line":58,"column":79}},"type":"cond-expr","locations":[{"start":{"line":58,"column":55},"end":{"line":58,"column":75}},{"start":{"line":58,"column":78},"end":{"line":58,"column":79}}],"line":58},"2":{"loc":{"start":{"line":65,"column":35},"end":{"line":65,"column":106}},"type":"cond-expr","locations":[{"start":{"line":65,"column":55},"end":{"line":65,"column":102}},{"start":{"line":65,"column":105},"end":{"line":65,"column":106}}],"line":65},"3":{"loc":{"start":{"line":72,"column":25},"end":{"line":72,"column":68}},"type":"cond-expr","locations":[{"start":{"line":72,"column":56},"end":{"line":72,"column":61}},{"start":{"line":72,"column":64},"end":{"line":72,"column":68}}],"line":72},"4":{"loc":{"start":{"line":72,"column":25},"end":{"line":72,"column":53}},"type":"binary-expr","locations":[{"start":{"line":72,"column":25},"end":{"line":72,"column":42}},{"start":{"line":72,"column":46},"end":{"line":72,"column":53}}],"line":72}},"s":{"0":2,"1":72,"2":69,"3":1},"f":{"0":72,"1":69,"2":1},"b":{"0":[69,3],"1":[69,3],"2":[69,3],"3":[46,26],"4":[72,69]},"_coverageSchema":"1a1c01bbd47fc00a2c39e90264f33305004495a9","hash":"66040fc3cd5021415fe377a73a7ecea6f39f1029"}
,"/Users/mattallen/Development/star-wars-ship-store/src/Components/checkout/testHelpers.js": {"path":"/Users/mattallen/Development/star-wars-ship-store/src/Components/checkout/testHelpers.js","statementMap":{"0":{"start":{"line":5,"column":26},"end":{"line":18,"column":1}},"1":{"start":{"line":6,"column":4},"end":{"line":17,"column":5}},"2":{"start":{"line":20,"column":26},"end":{"line":28,"column":1}},"3":{"start":{"line":21,"column":4},"end":{"line":27,"column":13}},"4":{"start":{"line":30,"column":25},"end":{"line":41,"column":1}},"5":{"start":{"line":31,"column":4},"end":{"line":40,"column":5}},"6":{"start":{"line":43,"column":27},"end":{"line":52,"column":1}},"7":{"start":{"line":44,"column":4},"end":{"line":44,"column":54}},"8":{"start":{"line":45,"column":4},"end":{"line":45,"column":63}},"9":{"start":{"line":46,"column":4},"end":{"line":46,"column":52}},"10":{"start":{"line":47,"column":4},"end":{"line":47,"column":49}},"11":{"start":{"line":48,"column":4},"end":{"line":48,"column":51}},"12":{"start":{"line":49,"column":4},"end":{"line":49,"column":57}},"13":{"start":{"line":50,"column":4},"end":{"line":50,"column":46}},"14":{"start":{"line":51,"column":4},"end":{"line":51,"column":46}}},"fnMap":{"0":{"name":"(anonymous_0)","decl":{"start":{"line":5,"column":26},"end":{"line":5,"column":27}},"loc":{"start":{"line":6,"column":4},"end":{"line":17,"column":5}},"line":6},"1":{"name":"(anonymous_1)","decl":{"start":{"line":20,"column":26},"end":{"line":20,"column":27}},"loc":{"start":{"line":21,"column":4},"end":{"line":27,"column":13}},"line":21},"2":{"name":"(anonymous_2)","decl":{"start":{"line":30,"column":25},"end":{"line":30,"column":26}},"loc":{"start":{"line":31,"column":4},"end":{"line":40,"column":5}},"line":31},"3":{"name":"(anonymous_3)","decl":{"start":{"line":43,"column":27},"end":{"line":43,"column":28}},"loc":{"start":{"line":43,"column":49},"end":{"line":52,"column":1}},"line":43}},"branchMap":{"0":{"loc":{"start":{"line":20,"column":38},"end":{"line":20,"column":47}},"type":"default-arg","locations":[{"start":{"line":20,"column":45},"end":{"line":20,"column":47}}],"line":20}},"s":{"0":1,"1":6,"2":1,"3":15,"4":1,"5":3,"6":1,"7":2,"8":2,"9":2,"10":2,"11":2,"12":2,"13":2,"14":2},"f":{"0":6,"1":15,"2":3,"3":2},"b":{"0":[0]},"_coverageSchema":"1a1c01bbd47fc00a2c39e90264f33305004495a9","hash":"cec4e74a29bab4fae786b6060c6644c4f537c774"}
,"/Users/mattallen/Development/star-wars-ship-store/src/Components/products/ProductGrid.js": {"path":"/Users/mattallen/Development/star-wars-ship-store/src/Components/products/ProductGrid.js","statementMap":{"0":{"start":{"line":15,"column":20},"end":{"line":64,"column":1}},"1":{"start":{"line":18,"column":41},"end":{"line":18,"column":88}},"2":{"start":{"line":21,"column":34},"end":{"line":21,"column":49}},"3":{"start":{"line":24,"column":20},"end":{"line":27,"column":3}},"4":{"start":{"line":25,"column":4},"end":{"line":25,"column":28}},"5":{"start":{"line":26,"column":4},"end":{"line":26,"column":12}},"6":{"start":{"line":30,"column":25},"end":{"line":43,"column":4}},"7":{"start":{"line":31,"column":4},"end":{"line":42,"column":15}},"8":{"start":{"line":36,"column":23},"end":{"line":36,"column":48}},"9":{"start":{"line":41,"column":29},"end":{"line":41,"column":47}},"10":{"start":{"line":45,"column":2},"end":{"line":63,"column":3}}},"fnMap":{"0":{"name":"(anonymous_0)","decl":{"start":{"line":15,"column":20},"end":{"line":15,"column":21}},"loc":{"start":{"line":15,"column":38},"end":{"line":64,"column":1}},"line":15},"1":{"name":"(anonymous_1)","decl":{"start":{"line":24,"column":20},"end":{"line":24,"column":21}},"loc":{"start":{"line":24,"column":31},"end":{"line":27,"column":3}},"line":24},"2":{"name":"(anonymous_2)","decl":{"start":{"line":30,"column":36},"end":{"line":30,"column":37}},"loc":{"start":{"line":31,"column":4},"end":{"line":42,"column":15}},"line":31},"3":{"name":"(anonymous_3)","decl":{"start":{"line":36,"column":18},"end":{"line":36,"column":19}},"loc":{"start":{"line":36,"column":23},"end":{"line":36,"column":48}},"line":36},"4":{"name":"(anonymous_4)","decl":{"start":{"line":41,"column":24},"end":{"line":41,"column":25}},"loc":{"start":{"line":41,"column":29},"end":{"line":41,"column":47}},"line":41}},"branchMap":{},"s":{"0":2,"1":12,"2":12,"3":12,"4":2,"5":2,"6":12,"7":60,"8":1,"9":2,"10":12},"f":{"0":12,"1":2,"2":60,"3":1,"4":2},"b":{},"_coverageSchema":"1a1c01bbd47fc00a2c39e90264f33305004495a9","hash":"9ab02b3d8165446ef60bacd05f53fc99c0e23b7c"}
,"/Users/mattallen/Development/star-wars-ship-store/src/Components/products/ProductModal.js": {"path":"/Users/mattallen/Development/star-wars-ship-store/src/Components/products/ProductModal.js","statementMap":{"0":{"start":{"line":13,"column":21},"end":{"line":41,"column":1}},"1":{"start":{"line":16,"column":4},"end":{"line":20,"column":25}},"2":{"start":{"line":17,"column":22},"end":{"line":17,"column":47}},"3":{"start":{"line":22,"column":2},"end":{"line":40,"column":3}}},"fnMap":{"0":{"name":"(anonymous_0)","decl":{"start":{"line":13,"column":21},"end":{"line":13,"column":22}},"loc":{"start":{"line":13,"column":62},"end":{"line":41,"column":1}},"line":13},"1":{"name":"(anonymous_1)","decl":{"start":{"line":17,"column":16},"end":{"line":17,"column":17}},"loc":{"start":{"line":17,"column":22},"end":{"line":17,"column":47}},"line":17}},"branchMap":{},"s":{"0":2,"1":12,"2":1,"3":12},"f":{"0":12,"1":1},"b":{},"_coverageSchema":"1a1c01bbd47fc00a2c39e90264f33305004495a9","hash":"636b857d235e520edd991081af1a654544fe6d98"}
,"/Users/mattallen/Development/star-wars-ship-store/src/Components/reusable/CreditAmount.js": {"path":"/Users/mattallen/Development/star-wars-ship-store/src/Components/reusable/CreditAmount.js","statementMap":{"0":{"start":{"line":5,"column":21},"end":{"line":16,"column":1}},"1":{"start":{"line":6,"column":4},"end":{"line":15,"column":11}}},"fnMap":{"0":{"name":"(anonymous_0)","decl":{"start":{"line":5,"column":21},"end":{"line":5,"column":22}},"loc":{"start":{"line":6,"column":4},"end":{"line":15,"column":11}},"line":6}},"branchMap":{"0":{"loc":{"start":{"line":10,"column":12},"end":{"line":12,"column":19}},"type":"cond-expr","locations":[{"start":{"line":11,"column":17},"end":{"line":11,"column":71}},{"start":{"line":12,"column":18},"end":{"line":12,"column":19}}],"line":10}},"s":{"0":4,"1":581},"f":{"0":581},"b":{"0":[565,16]},"_coverageSchema":"1a1c01bbd47fc00a2c39e90264f33305004495a9","hash":"20a6a8591efd9ade144dad2b7c36259c49825c79"}
,"/Users/mattallen/Development/star-wars-ship-store/src/Components/reusable/Modal.js": {"path":"/Users/mattallen/Development/star-wars-ship-store/src/Components/reusable/Modal.js","statementMap":{"0":{"start":{"line":12,"column":21},"end":{"line":39,"column":1}},"1":{"start":{"line":20,"column":2},"end":{"line":38,"column":3}}},"fnMap":{"0":{"name":"(anonymous_0)","decl":{"start":{"line":12,"column":21},"end":{"line":12,"column":22}},"loc":{"start":{"line":19,"column":6},"end":{"line":39,"column":1}},"line":19}},"branchMap":{},"s":{"0":3,"1":83},"f":{"0":83},"b":{},"_coverageSchema":"1a1c01bbd47fc00a2c39e90264f33305004495a9","hash":"b7fa6f6b24f97ec244b8180278bb9118d086a3f6"}
}
