{"/Users/mattallen/Development/star-wars-store/src/App.js": {"path":"/Users/mattallen/Development/star-wars-store/src/App.js","statementMap":{"0":{"start":{"line":21,"column":25},"end":{"line":21,"column":72}},"1":{"start":{"line":24,"column":16},"end":{"line":24,"column":33}},"2":{"start":{"line":27,"column":2},"end":{"line":30,"column":5}},"3":{"start":{"line":28,"column":17},"end":{"line":28,"column":57}},"4":{"start":{"line":29,"column":4},"end":{"line":29,"column":27}},"5":{"start":{"line":29,"column":14},"end":{"line":29,"column":27}},"6":{"start":{"line":33,"column":34},"end":{"line":33,"column":49}},"7":{"start":{"line":36,"column":21},"end":{"line":62,"column":3}},"8":{"start":{"line":37,"column":18},"end":{"line":37,"column":42}},"9":{"start":{"line":38,"column":18},"end":{"line":38,"column":33}},"10":{"start":{"line":43,"column":4},"end":{"line":57,"column":5}},"11":{"start":{"line":45,"column":8},"end":{"line":45,"column":49}},"12":{"start":{"line":46,"column":8},"end":{"line":46,"column":36}},"13":{"start":{"line":47,"column":8},"end":{"line":47,"column":14}},"14":{"start":{"line":49,"column":8},"end":{"line":49,"column":56}},"15":{"start":{"line":50,"column":8},"end":{"line":50,"column":38}},"16":{"start":{"line":51,"column":8},"end":{"line":51,"column":14}},"17":{"start":{"line":53,"column":8},"end":{"line":53,"column":54}},"18":{"start":{"line":54,"column":8},"end":{"line":54,"column":38}},"19":{"start":{"line":55,"column":8},"end":{"line":55,"column":14}},"20":{"start":{"line":56,"column":15},"end":{"line":56,"column":27}},"21":{"start":{"line":59,"column":4},"end":{"line":59,"column":21}},"22":{"start":{"line":60,"column":4},"end":{"line":60,"column":58}},"23":{"start":{"line":65,"column":20},"end":{"line":68,"column":3}},"24":{"start":{"line":66,"column":4},"end":{"line":66,"column":51}},"25":{"start":{"line":67,"column":4},"end":{"line":67,"column":36}},"26":{"start":{"line":70,"column":2},"end":{"line":92,"column":4}}},"fnMap":{"0":{"name":"App","decl":{"start":{"line":18,"column":9},"end":{"line":18,"column":12}},"loc":{"start":{"line":18,"column":15},"end":{"line":93,"column":1}},"line":18},"1":{"name":"(anonymous_1)","decl":{"start":{"line":27,"column":13},"end":{"line":27,"column":14}},"loc":{"start":{"line":27,"column":18},"end":{"line":30,"column":1}},"line":27},"2":{"name":"(anonymous_2)","decl":{"start":{"line":36,"column":21},"end":{"line":36,"column":22}},"loc":{"start":{"line":36,"column":41},"end":{"line":62,"column":3}},"line":36},"3":{"name":"(anonymous_3)","decl":{"start":{"line":65,"column":20},"end":{"line":65,"column":21}},"loc":{"start":{"line":65,"column":26},"end":{"line":68,"column":3}},"line":65}},"branchMap":{"0":{"loc":{"start":{"line":29,"column":4},"end":{"line":29,"column":27}},"type":"if","locations":[{"start":{"line":29,"column":4},"end":{"line":29,"column":27}},{"start":{},"end":{}}],"line":29},"1":{"loc":{"start":{"line":43,"column":4},"end":{"line":57,"column":5}},"type":"switch","locations":[{"start":{"line":44,"column":6},"end":{"line":47,"column":14}},{"start":{"line":48,"column":6},"end":{"line":51,"column":14}},{"start":{"line":52,"column":6},"end":{"line":55,"column":14}},{"start":{"line":56,"column":6},"end":{"line":56,"column":27}}],"line":43}},"s":{"0":2,"1":2,"2":2,"3":1,"4":1,"5":0,"6":2,"7":2,"8":0,"9":0,"10":0,"11":0,"12":0,"13":0,"14":0,"15":0,"16":0,"17":0,"18":0,"19":0,"20":0,"21":0,"22":0,"23":2,"24":0,"25":0,"26":2},"f":{"0":2,"1":1,"2":0,"3":0},"b":{"0":[0,1],"1":[0,0,0,0]},"_coverageSchema":"1a1c01bbd47fc00a2c39e90264f33305004495a9","hash":"b28c6f8129b4caa87631aa3dd0bfd5fc187e840b"}
,"/Users/mattallen/Development/star-wars-store/src/ErrorBoundary.js": {"path":"/Users/mattallen/Development/star-wars-store/src/ErrorBoundary.js","statementMap":{"0":{"start":{"line":14,"column":4},"end":{"line":14,"column":17}},"1":{"start":{"line":15,"column":4},"end":{"line":15,"column":35}},"2":{"start":{"line":19,"column":6},"end":{"line":19,"column":24}},"3":{"start":{"line":20,"column":6},"end":{"line":20,"column":28}},"4":{"start":{"line":24,"column":4},"end":{"line":39,"column":5}},"5":{"start":{"line":25,"column":6},"end":{"line":38,"column":7}},"6":{"start":{"line":40,"column":4},"end":{"line":40,"column":30}}},"fnMap":{"0":{"name":"(anonymous_0)","decl":{"start":{"line":13,"column":2},"end":{"line":13,"column":3}},"loc":{"start":{"line":13,"column":21},"end":{"line":16,"column":3}},"line":13},"1":{"name":"(anonymous_1)","decl":{"start":{"line":18,"column":2},"end":{"line":18,"column":3}},"loc":{"start":{"line":18,"column":39},"end":{"line":21,"column":3}},"line":18},"2":{"name":"(anonymous_2)","decl":{"start":{"line":23,"column":2},"end":{"line":23,"column":3}},"loc":{"start":{"line":23,"column":11},"end":{"line":41,"column":3}},"line":23}},"branchMap":{"0":{"loc":{"start":{"line":24,"column":4},"end":{"line":39,"column":5}},"type":"if","locations":[{"start":{"line":24,"column":4},"end":{"line":39,"column":5}},{"start":{},"end":{}}],"line":24}},"s":{"0":2,"1":1,"2":1,"3":1,"4":2,"5":1,"6":1},"f":{"0":2,"1":1,"2":2},"b":{"0":[1,1]},"_coverageSchema":"1a1c01bbd47fc00a2c39e90264f33305004495a9","hash":"78936bb71bf616ec80943efbb29561810616b055"}
,"/Users/mattallen/Development/star-wars-store/src/cartHelpers.js": {"path":"/Users/mattallen/Development/star-wars-store/src/cartHelpers.js","statementMap":{"0":{"start":{"line":2,"column":26},"end":{"line":9,"column":3}},"1":{"start":{"line":3,"column":4},"end":{"line":7,"column":5}},"2":{"start":{"line":3,"column":17},"end":{"line":3,"column":18}},"3":{"start":{"line":4,"column":6},"end":{"line":6,"column":7}},"4":{"start":{"line":5,"column":8},"end":{"line":5,"column":17}},"5":{"start":{"line":8,"column":4},"end":{"line":8,"column":16}},"6":{"start":{"line":11,"column":25},"end":{"line":11,"column":69}},"7":{"start":{"line":11,"column":35},"end":{"line":11,"column":69}},"8":{"start":{"line":14,"column":25},"end":{"line":34,"column":1}},"9":{"start":{"line":16,"column":1},"end":{"line":32,"column":2}},"10":{"start":{"line":17,"column":3},"end":{"line":17,"column":32}},"11":{"start":{"line":18,"column":3},"end":{"line":18,"column":19}},"12":{"start":{"line":19,"column":3},"end":{"line":19,"column":44}},"13":{"start":{"line":20,"column":3},"end":{"line":20,"column":34}},"14":{"start":{"line":23,"column":3},"end":{"line":29,"column":5}},"15":{"start":{"line":30,"column":3},"end":{"line":30,"column":34}},"16":{"start":{"line":31,"column":3},"end":{"line":31,"column":19}},"17":{"start":{"line":33,"column":1},"end":{"line":33,"column":13}},"18":{"start":{"line":37,"column":32},"end":{"line":48,"column":1}},"19":{"start":{"line":39,"column":1},"end":{"line":39,"column":30}},"20":{"start":{"line":40,"column":1},"end":{"line":40,"column":17}},"21":{"start":{"line":41,"column":1},"end":{"line":41,"column":32}},"22":{"start":{"line":42,"column":1},"end":{"line":42,"column":42}},"23":{"start":{"line":45,"column":1},"end":{"line":45,"column":66}},"24":{"start":{"line":45,"column":39},"end":{"line":45,"column":66}},"25":{"start":{"line":47,"column":1},"end":{"line":47,"column":12}},"26":{"start":{"line":51,"column":30},"end":{"line":58,"column":1}},"27":{"start":{"line":53,"column":1},"end":{"line":53,"column":35}},"28":{"start":{"line":54,"column":1},"end":{"line":54,"column":32}},"29":{"start":{"line":55,"column":1},"end":{"line":55,"column":28}},"30":{"start":{"line":57,"column":1},"end":{"line":57,"column":13}}},"fnMap":{"0":{"name":"(anonymous_0)","decl":{"start":{"line":2,"column":26},"end":{"line":2,"column":27}},"loc":{"start":{"line":2,"column":44},"end":{"line":9,"column":3}},"line":2},"1":{"name":"(anonymous_1)","decl":{"start":{"line":11,"column":25},"end":{"line":11,"column":26}},"loc":{"start":{"line":11,"column":35},"end":{"line":11,"column":69}},"line":11},"2":{"name":"(anonymous_2)","decl":{"start":{"line":14,"column":25},"end":{"line":14,"column":26}},"loc":{"start":{"line":14,"column":49},"end":{"line":34,"column":1}},"line":14},"3":{"name":"(anonymous_3)","decl":{"start":{"line":37,"column":32},"end":{"line":37,"column":33}},"loc":{"start":{"line":37,"column":56},"end":{"line":48,"column":1}},"line":37},"4":{"name":"(anonymous_4)","decl":{"start":{"line":51,"column":30},"end":{"line":51,"column":31}},"loc":{"start":{"line":51,"column":54},"end":{"line":58,"column":1}},"line":51}},"branchMap":{"0":{"loc":{"start":{"line":4,"column":6},"end":{"line":6,"column":7}},"type":"if","locations":[{"start":{"line":4,"column":6},"end":{"line":6,"column":7}},{"start":{},"end":{}}],"line":4},"1":{"loc":{"start":{"line":16,"column":1},"end":{"line":32,"column":2}},"type":"if","locations":[{"start":{"line":16,"column":1},"end":{"line":32,"column":2}},{"start":{"line":21,"column":8},"end":{"line":32,"column":2}}],"line":16},"2":{"loc":{"start":{"line":45,"column":1},"end":{"line":45,"column":66}},"type":"if","locations":[{"start":{"line":45,"column":1},"end":{"line":45,"column":66}},{"start":{},"end":{}}],"line":45}},"s":{"0":1,"1":0,"2":0,"3":0,"4":0,"5":0,"6":1,"7":0,"8":1,"9":0,"10":0,"11":0,"12":0,"13":0,"14":0,"15":0,"16":0,"17":0,"18":1,"19":0,"20":0,"21":0,"22":0,"23":0,"24":0,"25":0,"26":1,"27":0,"28":0,"29":0,"30":0},"f":{"0":0,"1":0,"2":0,"3":0,"4":0},"b":{"0":[0,0],"1":[0,0],"2":[0,0]},"_coverageSchema":"1a1c01bbd47fc00a2c39e90264f33305004495a9","hash":"a729d1bac288f3e7a79904bf77b5639e41ab019a"}
,"/Users/mattallen/Development/star-wars-store/src/ships.js": {"path":"/Users/mattallen/Development/star-wars-store/src/ships.js","statementMap":{"0":{"start":{"line":24,"column":14},"end":{"line":105,"column":1}}},"fnMap":{},"branchMap":{},"s":{"0":2},"f":{},"b":{},"_coverageSchema":"1a1c01bbd47fc00a2c39e90264f33305004495a9","hash":"43246c1566808b080c11d16b76754b124071eed5"}
,"/Users/mattallen/Development/star-wars-store/src/Components/Header.js": {"path":"/Users/mattallen/Development/star-wars-store/src/Components/Header.js","statementMap":{"0":{"start":{"line":17,"column":15},"end":{"line":78,"column":1}},"1":{"start":{"line":20,"column":4},"end":{"line":28,"column":25}},"2":{"start":{"line":31,"column":2},"end":{"line":77,"column":3}}},"fnMap":{"0":{"name":"(anonymous_0)","decl":{"start":{"line":17,"column":15},"end":{"line":17,"column":16}},"loc":{"start":{"line":17,"column":41},"end":{"line":78,"column":1}},"line":17}},"branchMap":{"0":{"loc":{"start":{"line":71,"column":12},"end":{"line":71,"column":42}},"type":"cond-expr","locations":[{"start":{"line":71,"column":25},"end":{"line":71,"column":35}},{"start":{"line":71,"column":38},"end":{"line":71,"column":42}}],"line":71}},"s":{"0":1,"1":2,"2":2},"f":{"0":2},"b":{"0":[0,2]},"_coverageSchema":"1a1c01bbd47fc00a2c39e90264f33305004495a9","hash":"b4791e004f99e344df862c9ae4da6aaf12f57cbb"}
,"/Users/mattallen/Development/star-wars-store/src/Components/cart/CartDrawer.js": {"path":"/Users/mattallen/Development/star-wars-store/src/Components/cart/CartDrawer.js","statementMap":{"0":{"start":{"line":22,"column":19},"end":{"line":106,"column":1}},"1":{"start":{"line":31,"column":21},"end":{"line":31,"column":29}},"2":{"start":{"line":34,"column":19},"end":{"line":34,"column":32}},"3":{"start":{"line":37,"column":28},"end":{"line":40,"column":3}},"4":{"start":{"line":38,"column":4},"end":{"line":38,"column":26}},"5":{"start":{"line":39,"column":4},"end":{"line":39,"column":13}},"6":{"start":{"line":43,"column":26},"end":{"line":45,"column":3}},"7":{"start":{"line":44,"column":4},"end":{"line":44,"column":66}},"8":{"start":{"line":47,"column":2},"end":{"line":105,"column":3}}},"fnMap":{"0":{"name":"(anonymous_0)","decl":{"start":{"line":22,"column":19},"end":{"line":22,"column":20}},"loc":{"start":{"line":28,"column":6},"end":{"line":106,"column":1}},"line":28},"1":{"name":"(anonymous_1)","decl":{"start":{"line":37,"column":28},"end":{"line":37,"column":29}},"loc":{"start":{"line":37,"column":34},"end":{"line":40,"column":3}},"line":37},"2":{"name":"(anonymous_2)","decl":{"start":{"line":43,"column":42},"end":{"line":43,"column":43}},"loc":{"start":{"line":44,"column":4},"end":{"line":44,"column":66}},"line":44}},"branchMap":{"0":{"loc":{"start":{"line":64,"column":26},"end":{"line":64,"column":53}},"type":"cond-expr","locations":[{"start":{"line":64,"column":43},"end":{"line":64,"column":47}},{"start":{"line":64,"column":50},"end":{"line":64,"column":53}}],"line":64},"1":{"loc":{"start":{"line":94,"column":24},"end":{"line":94,"column":56}},"type":"cond-expr","locations":[{"start":{"line":94,"column":44},"end":{"line":94,"column":49}},{"start":{"line":94,"column":52},"end":{"line":94,"column":56}}],"line":94}},"s":{"0":2,"1":13,"2":13,"3":13,"4":1,"5":1,"6":13,"7":9,"8":13},"f":{"0":13,"1":1,"2":9},"b":{"0":[7,6],"1":[9,4]},"_coverageSchema":"1a1c01bbd47fc00a2c39e90264f33305004495a9","hash":"e59199ef839c5192df9a907ad9beae1e3f79e3dd"}
,"/Users/mattallen/Development/star-wars-store/src/Components/cart/CartDrawerCard.js": {"path":"/Users/mattallen/Development/star-wars-store/src/Components/cart/CartDrawerCard.js","statementMap":{"0":{"start":{"line":12,"column":23},"end":{"line":70,"column":1}},"1":{"start":{"line":13,"column":4},"end":{"line":69,"column":13}},"2":{"start":{"line":46,"column":38},"end":{"line":46,"column":65}},"3":{"start":{"line":56,"column":38},"end":{"line":56,"column":60}},"4":{"start":{"line":62,"column":35},"end":{"line":62,"column":60}}},"fnMap":{"0":{"name":"(anonymous_0)","decl":{"start":{"line":12,"column":23},"end":{"line":12,"column":24}},"loc":{"start":{"line":13,"column":4},"end":{"line":69,"column":13}},"line":13},"1":{"name":"(anonymous_1)","decl":{"start":{"line":46,"column":33},"end":{"line":46,"column":34}},"loc":{"start":{"line":46,"column":38},"end":{"line":46,"column":65}},"line":46},"2":{"name":"(anonymous_2)","decl":{"start":{"line":56,"column":33},"end":{"line":56,"column":34}},"loc":{"start":{"line":56,"column":38},"end":{"line":56,"column":60}},"line":56},"3":{"name":"(anonymous_3)","decl":{"start":{"line":62,"column":30},"end":{"line":62,"column":31}},"loc":{"start":{"line":62,"column":35},"end":{"line":62,"column":60}},"line":62}},"branchMap":{},"s":{"0":3,"1":78,"2":4,"3":2,"4":3},"f":{"0":78,"1":4,"2":2,"3":3},"b":{},"_coverageSchema":"1a1c01bbd47fc00a2c39e90264f33305004495a9","hash":"e76f4cdf998a11593b9559a47612bc91a42aa38b"}
,"/Users/mattallen/Development/star-wars-store/src/Components/checkout/CheckoutForm.js": {"path":"/Users/mattallen/Development/star-wars-store/src/Components/checkout/CheckoutForm.js","statementMap":{"0":{"start":{"line":20,"column":21},"end":{"line":217,"column":1}},"1":{"start":{"line":26,"column":4},"end":{"line":215,"column":10}},"2":{"start":{"line":135,"column":12},"end":{"line":147,"column":15}},"3":{"start":{"line":166,"column":14},"end":{"line":178,"column":17}}},"fnMap":{"0":{"name":"(anonymous_0)","decl":{"start":{"line":20,"column":21},"end":{"line":20,"column":22}},"loc":{"start":{"line":26,"column":4},"end":{"line":215,"column":10}},"line":26},"1":{"name":"(anonymous_1)","decl":{"start":{"line":134,"column":19},"end":{"line":134,"column":20}},"loc":{"start":{"line":135,"column":12},"end":{"line":147,"column":15}},"line":135},"2":{"name":"(anonymous_2)","decl":{"start":{"line":165,"column":21},"end":{"line":165,"column":22}},"loc":{"start":{"line":166,"column":14},"end":{"line":178,"column":17}},"line":166}},"branchMap":{"0":{"loc":{"start":{"line":41,"column":7},"end":{"line":41,"column":52}},"type":"cond-expr","locations":[{"start":{"line":41,"column":29},"end":{"line":41,"column":33}},{"start":{"line":41,"column":36},"end":{"line":41,"column":52}}],"line":41},"1":{"loc":{"start":{"line":42,"column":25},"end":{"line":42,"column":75}},"type":"binary-expr","locations":[{"start":{"line":42,"column":25},"end":{"line":42,"column":44}},{"start":{"line":42,"column":48},"end":{"line":42,"column":75}}],"line":42},"2":{"loc":{"start":{"line":53,"column":9},"end":{"line":53,"column":57}},"type":"cond-expr","locations":[{"start":{"line":53,"column":34},"end":{"line":53,"column":38}},{"start":{"line":53,"column":41},"end":{"line":53,"column":57}}],"line":53},"3":{"loc":{"start":{"line":54,"column":27},"end":{"line":54,"column":83}},"type":"binary-expr","locations":[{"start":{"line":54,"column":27},"end":{"line":54,"column":49}},{"start":{"line":54,"column":53},"end":{"line":54,"column":83}}],"line":54},"4":{"loc":{"start":{"line":66,"column":11},"end":{"line":66,"column":56}},"type":"cond-expr","locations":[{"start":{"line":66,"column":33},"end":{"line":66,"column":37}},{"start":{"line":66,"column":40},"end":{"line":66,"column":56}}],"line":66},"5":{"loc":{"start":{"line":67,"column":29},"end":{"line":67,"column":79}},"type":"binary-expr","locations":[{"start":{"line":67,"column":29},"end":{"line":67,"column":48}},{"start":{"line":67,"column":52},"end":{"line":67,"column":79}}],"line":67},"6":{"loc":{"start":{"line":78,"column":11},"end":{"line":78,"column":58}},"type":"cond-expr","locations":[{"start":{"line":78,"column":35},"end":{"line":78,"column":39}},{"start":{"line":78,"column":42},"end":{"line":78,"column":58}}],"line":78},"7":{"loc":{"start":{"line":79,"column":29},"end":{"line":79,"column":83}},"type":"binary-expr","locations":[{"start":{"line":79,"column":29},"end":{"line":79,"column":50}},{"start":{"line":79,"column":54},"end":{"line":79,"column":83}}],"line":79},"8":{"loc":{"start":{"line":127,"column":9},"end":{"line":127,"column":51}},"type":"cond-expr","locations":[{"start":{"line":127,"column":28},"end":{"line":127,"column":32}},{"start":{"line":127,"column":35},"end":{"line":127,"column":51}}],"line":127},"9":{"loc":{"start":{"line":128,"column":27},"end":{"line":128,"column":71}},"type":"binary-expr","locations":[{"start":{"line":128,"column":27},"end":{"line":128,"column":43}},{"start":{"line":128,"column":47},"end":{"line":128,"column":71}}],"line":128},"10":{"loc":{"start":{"line":145,"column":15},"end":{"line":145,"column":55}},"type":"cond-expr","locations":[{"start":{"line":145,"column":32},"end":{"line":145,"column":36}},{"start":{"line":145,"column":39},"end":{"line":145,"column":55}}],"line":145},"11":{"loc":{"start":{"line":146,"column":33},"end":{"line":146,"column":73}},"type":"binary-expr","locations":[{"start":{"line":146,"column":33},"end":{"line":146,"column":47}},{"start":{"line":146,"column":51},"end":{"line":146,"column":73}}],"line":146},"12":{"loc":{"start":{"line":176,"column":17},"end":{"line":176,"column":59}},"type":"cond-expr","locations":[{"start":{"line":176,"column":36},"end":{"line":176,"column":40}},{"start":{"line":176,"column":43},"end":{"line":176,"column":59}}],"line":176},"13":{"loc":{"start":{"line":177,"column":35},"end":{"line":177,"column":81}},"type":"binary-expr","locations":[{"start":{"line":177,"column":35},"end":{"line":177,"column":52}},{"start":{"line":177,"column":56},"end":{"line":177,"column":81}}],"line":177},"14":{"loc":{"start":{"line":210,"column":9},"end":{"line":210,"column":54}},"type":"cond-expr","locations":[{"start":{"line":210,"column":31},"end":{"line":210,"column":35}},{"start":{"line":210,"column":38},"end":{"line":210,"column":54}}],"line":210},"15":{"loc":{"start":{"line":211,"column":27},"end":{"line":211,"column":77}},"type":"binary-expr","locations":[{"start":{"line":211,"column":27},"end":{"line":211,"column":46}},{"start":{"line":211,"column":50},"end":{"line":211,"column":77}}],"line":211}},"s":{"0":2,"1":71,"2":112,"3":84},"f":{"0":71,"1":112,"2":84},"b":{"0":[0,71],"1":[71,0],"2":[1,70],"3":[71,1],"4":[1,70],"5":[71,1],"6":[1,70],"7":[71,1],"8":[1,70],"9":[71,1],"10":[2,110],"11":[112,2],"12":[2,82],"13":[84,2],"14":[1,70],"15":[71,1]},"_coverageSchema":"1a1c01bbd47fc00a2c39e90264f33305004495a9","hash":"27e65c389590095a599ac5e6477b2c4f4bb96921"}
,"/Users/mattallen/Development/star-wars-store/src/Components/checkout/CheckoutPage.js": {"path":"/Users/mattallen/Development/star-wars-store/src/Components/checkout/CheckoutPage.js","statementMap":{"0":{"start":{"line":10,"column":21},"end":{"line":98,"column":1}},"1":{"start":{"line":13,"column":34},"end":{"line":13,"column":47}},"2":{"start":{"line":14,"column":35},"end":{"line":18,"column":4}},"3":{"start":{"line":21,"column":19},"end":{"line":21,"column":32}},"4":{"start":{"line":22,"column":34},"end":{"line":22,"column":49}},"5":{"start":{"line":28,"column":6},"end":{"line":28,"column":15}},"6":{"start":{"line":31,"column":19},"end":{"line":56,"column":3}},"7":{"start":{"line":34,"column":4},"end":{"line":38,"column":7}},"8":{"start":{"line":41,"column":4},"end":{"line":45,"column":7}},"9":{"start":{"line":42,"column":6},"end":{"line":44,"column":15}},"10":{"start":{"line":43,"column":10},"end":{"line":43,"column":20}},"11":{"start":{"line":55,"column":4},"end":{"line":55,"column":13}},"12":{"start":{"line":59,"column":20},"end":{"line":62,"column":3}},"13":{"start":{"line":60,"column":4},"end":{"line":60,"column":16}},"14":{"start":{"line":61,"column":4},"end":{"line":61,"column":18}},"15":{"start":{"line":64,"column":2},"end":{"line":97,"column":3}}},"fnMap":{"0":{"name":"(anonymous_0)","decl":{"start":{"line":10,"column":21},"end":{"line":10,"column":22}},"loc":{"start":{"line":10,"column":54},"end":{"line":98,"column":1}},"line":10},"1":{"name":"(anonymous_1)","decl":{"start":{"line":31,"column":19},"end":{"line":31,"column":20}},"loc":{"start":{"line":31,"column":33},"end":{"line":56,"column":3}},"line":31},"2":{"name":"(anonymous_2)","decl":{"start":{"line":41,"column":22},"end":{"line":41,"column":23}},"loc":{"start":{"line":41,"column":33},"end":{"line":45,"column":5}},"line":41},"3":{"name":"(anonymous_3)","decl":{"start":{"line":42,"column":17},"end":{"line":42,"column":18}},"loc":{"start":{"line":42,"column":23},"end":{"line":44,"column":7}},"line":42},"4":{"name":"(anonymous_4)","decl":{"start":{"line":59,"column":20},"end":{"line":59,"column":21}},"loc":{"start":{"line":59,"column":26},"end":{"line":62,"column":3}},"line":59}},"branchMap":{"0":{"loc":{"start":{"line":36,"column":20},"end":{"line":36,"column":66}},"type":"cond-expr","locations":[{"start":{"line":36,"column":41},"end":{"line":36,"column":51}},{"start":{"line":36,"column":54},"end":{"line":36,"column":66}}],"line":36}},"s":{"0":2,"1":71,"2":71,"3":71,"4":71,"5":71,"6":71,"7":2,"8":2,"9":2,"10":2,"11":2,"12":71,"13":1,"14":1,"15":71},"f":{"0":71,"1":2,"2":2,"3":2,"4":1},"b":{"0":[0,2]},"_coverageSchema":"1a1c01bbd47fc00a2c39e90264f33305004495a9","hash":"e4c004989adbde0532523ea865cfacf84ba263ef"}
,"/Users/mattallen/Development/star-wars-store/src/Components/checkout/OrderReviewPane.js": {"path":"/Users/mattallen/Development/star-wars-store/src/Components/checkout/OrderReviewPane.js","statementMap":{"0":{"start":{"line":17,"column":24},"end":{"line":100,"column":1}},"1":{"start":{"line":28,"column":4},"end":{"line":99,"column":13}},"2":{"start":{"line":41,"column":37},"end":{"line":41,"column":99}},"3":{"start":{"line":96,"column":31},"end":{"line":96,"column":76}}},"fnMap":{"0":{"name":"(anonymous_0)","decl":{"start":{"line":17,"column":24},"end":{"line":17,"column":25}},"loc":{"start":{"line":28,"column":4},"end":{"line":99,"column":13}},"line":28},"1":{"name":"(anonymous_1)","decl":{"start":{"line":41,"column":25},"end":{"line":41,"column":26}},"loc":{"start":{"line":41,"column":37},"end":{"line":41,"column":99}},"line":41},"2":{"name":"(anonymous_2)","decl":{"start":{"line":96,"column":26},"end":{"line":96,"column":27}},"loc":{"start":{"line":96,"column":31},"end":{"line":96,"column":76}},"line":96}},"branchMap":{"0":{"loc":{"start":{"line":53,"column":35},"end":{"line":53,"column":71}},"type":"cond-expr","locations":[{"start":{"line":53,"column":55},"end":{"line":53,"column":67}},{"start":{"line":53,"column":70},"end":{"line":53,"column":71}}],"line":53},"1":{"loc":{"start":{"line":58,"column":35},"end":{"line":58,"column":79}},"type":"cond-expr","locations":[{"start":{"line":58,"column":55},"end":{"line":58,"column":75}},{"start":{"line":58,"column":78},"end":{"line":58,"column":79}}],"line":58},"2":{"loc":{"start":{"line":65,"column":35},"end":{"line":65,"column":106}},"type":"cond-expr","locations":[{"start":{"line":65,"column":55},"end":{"line":65,"column":102}},{"start":{"line":65,"column":105},"end":{"line":65,"column":106}}],"line":65},"3":{"loc":{"start":{"line":72,"column":25},"end":{"line":72,"column":68}},"type":"cond-expr","locations":[{"start":{"line":72,"column":56},"end":{"line":72,"column":61}},{"start":{"line":72,"column":64},"end":{"line":72,"column":68}}],"line":72},"4":{"loc":{"start":{"line":72,"column":25},"end":{"line":72,"column":53}},"type":"binary-expr","locations":[{"start":{"line":72,"column":25},"end":{"line":72,"column":42}},{"start":{"line":72,"column":46},"end":{"line":72,"column":53}}],"line":72}},"s":{"0":2,"1":72,"2":69,"3":1},"f":{"0":72,"1":69,"2":1},"b":{"0":[69,3],"1":[69,3],"2":[69,3],"3":[46,26],"4":[72,69]},"_coverageSchema":"1a1c01bbd47fc00a2c39e90264f33305004495a9","hash":"59efc3828ecf18d5823197c42f6031f7ab1b17d3"}
,"/Users/mattallen/Development/star-wars-store/src/Components/checkout/testHelpers.js": {"path":"/Users/mattallen/Development/star-wars-store/src/Components/checkout/testHelpers.js","statementMap":{"0":{"start":{"line":5,"column":26},"end":{"line":18,"column":1}},"1":{"start":{"line":6,"column":4},"end":{"line":17,"column":5}},"2":{"start":{"line":20,"column":26},"end":{"line":28,"column":1}},"3":{"start":{"line":21,"column":4},"end":{"line":27,"column":13}},"4":{"start":{"line":30,"column":25},"end":{"line":41,"column":1}},"5":{"start":{"line":31,"column":4},"end":{"line":40,"column":5}},"6":{"start":{"line":43,"column":27},"end":{"line":52,"column":1}},"7":{"start":{"line":44,"column":4},"end":{"line":44,"column":54}},"8":{"start":{"line":45,"column":4},"end":{"line":45,"column":63}},"9":{"start":{"line":46,"column":4},"end":{"line":46,"column":52}},"10":{"start":{"line":47,"column":4},"end":{"line":47,"column":49}},"11":{"start":{"line":48,"column":4},"end":{"line":48,"column":51}},"12":{"start":{"line":49,"column":4},"end":{"line":49,"column":57}},"13":{"start":{"line":50,"column":4},"end":{"line":50,"column":46}},"14":{"start":{"line":51,"column":4},"end":{"line":51,"column":46}}},"fnMap":{"0":{"name":"(anonymous_0)","decl":{"start":{"line":5,"column":26},"end":{"line":5,"column":27}},"loc":{"start":{"line":6,"column":4},"end":{"line":17,"column":5}},"line":6},"1":{"name":"(anonymous_1)","decl":{"start":{"line":20,"column":26},"end":{"line":20,"column":27}},"loc":{"start":{"line":21,"column":4},"end":{"line":27,"column":13}},"line":21},"2":{"name":"(anonymous_2)","decl":{"start":{"line":30,"column":25},"end":{"line":30,"column":26}},"loc":{"start":{"line":31,"column":4},"end":{"line":40,"column":5}},"line":31},"3":{"name":"(anonymous_3)","decl":{"start":{"line":43,"column":27},"end":{"line":43,"column":28}},"loc":{"start":{"line":43,"column":49},"end":{"line":52,"column":1}},"line":43}},"branchMap":{"0":{"loc":{"start":{"line":20,"column":38},"end":{"line":20,"column":47}},"type":"default-arg","locations":[{"start":{"line":20,"column":45},"end":{"line":20,"column":47}}],"line":20}},"s":{"0":1,"1":6,"2":1,"3":15,"4":1,"5":3,"6":1,"7":2,"8":2,"9":2,"10":2,"11":2,"12":2,"13":2,"14":2},"f":{"0":6,"1":15,"2":3,"3":2},"b":{"0":[0]},"_coverageSchema":"1a1c01bbd47fc00a2c39e90264f33305004495a9","hash":"9373b91e40546cd09747b618b502e6579928751d"}
,"/Users/mattallen/Development/star-wars-store/src/Components/products/ProductGrid.js": {"path":"/Users/mattallen/Development/star-wars-store/src/Components/products/ProductGrid.js","statementMap":{"0":{"start":{"line":16,"column":20},"end":{"line":68,"column":1}},"1":{"start":{"line":19,"column":41},"end":{"line":19,"column":88}},"2":{"start":{"line":22,"column":34},"end":{"line":22,"column":49}},"3":{"start":{"line":25,"column":20},"end":{"line":28,"column":3}},"4":{"start":{"line":26,"column":4},"end":{"line":26,"column":28}},"5":{"start":{"line":27,"column":4},"end":{"line":27,"column":12}},"6":{"start":{"line":31,"column":25},"end":{"line":45,"column":4}},"7":{"start":{"line":32,"column":4},"end":{"line":44,"column":15}},"8":{"start":{"line":37,"column":23},"end":{"line":37,"column":48}},"9":{"start":{"line":43,"column":29},"end":{"line":43,"column":47}},"10":{"start":{"line":47,"column":2},"end":{"line":67,"column":3}}},"fnMap":{"0":{"name":"(anonymous_0)","decl":{"start":{"line":16,"column":20},"end":{"line":16,"column":21}},"loc":{"start":{"line":16,"column":38},"end":{"line":68,"column":1}},"line":16},"1":{"name":"(anonymous_1)","decl":{"start":{"line":25,"column":20},"end":{"line":25,"column":21}},"loc":{"start":{"line":25,"column":31},"end":{"line":28,"column":3}},"line":25},"2":{"name":"(anonymous_2)","decl":{"start":{"line":31,"column":36},"end":{"line":31,"column":37}},"loc":{"start":{"line":32,"column":4},"end":{"line":44,"column":15}},"line":32},"3":{"name":"(anonymous_3)","decl":{"start":{"line":37,"column":18},"end":{"line":37,"column":19}},"loc":{"start":{"line":37,"column":23},"end":{"line":37,"column":48}},"line":37},"4":{"name":"(anonymous_4)","decl":{"start":{"line":43,"column":24},"end":{"line":43,"column":25}},"loc":{"start":{"line":43,"column":29},"end":{"line":43,"column":47}},"line":43}},"branchMap":{},"s":{"0":2,"1":12,"2":12,"3":12,"4":2,"5":2,"6":12,"7":120,"8":1,"9":2,"10":12},"f":{"0":12,"1":2,"2":120,"3":1,"4":2},"b":{},"_coverageSchema":"1a1c01bbd47fc00a2c39e90264f33305004495a9","hash":"e866643aea9d1eb0f72b51ca5401cd9d3f9871fb"}
,"/Users/mattallen/Development/star-wars-store/src/Components/products/ProductModal.js": {"path":"/Users/mattallen/Development/star-wars-store/src/Components/products/ProductModal.js","statementMap":{"0":{"start":{"line":13,"column":21},"end":{"line":43,"column":1}},"1":{"start":{"line":16,"column":4},"end":{"line":21,"column":25}},"2":{"start":{"line":17,"column":22},"end":{"line":17,"column":47}},"3":{"start":{"line":23,"column":2},"end":{"line":42,"column":3}}},"fnMap":{"0":{"name":"(anonymous_0)","decl":{"start":{"line":13,"column":21},"end":{"line":13,"column":22}},"loc":{"start":{"line":13,"column":62},"end":{"line":43,"column":1}},"line":13},"1":{"name":"(anonymous_1)","decl":{"start":{"line":17,"column":16},"end":{"line":17,"column":17}},"loc":{"start":{"line":17,"column":22},"end":{"line":17,"column":47}},"line":17}},"branchMap":{},"s":{"0":2,"1":12,"2":1,"3":12},"f":{"0":12,"1":1},"b":{},"_coverageSchema":"1a1c01bbd47fc00a2c39e90264f33305004495a9","hash":"104ba9535f6ed887d2efea723f65b4f92bc59405"}
}
