TN:
SF:src/App.js
FN:18,App
FN:27,(anonymous_1)
FN:36,(anonymous_2)
FN:65,(anonymous_3)
FNF:4
FNH:2
FNDA:2,App
FNDA:1,(anonymous_1)
FNDA:0,(anonymous_2)
FNDA:0,(anonymous_3)
DA:21,2
DA:24,2
DA:27,2
DA:28,1
DA:29,1
DA:33,2
DA:36,2
DA:37,0
DA:38,0
DA:43,0
DA:45,0
DA:46,0
DA:47,0
DA:49,0
DA:50,0
DA:51,0
DA:53,0
DA:54,0
DA:55,0
DA:56,0
DA:59,0
DA:60,0
DA:65,2
DA:66,0
DA:67,0
DA:70,2
LF:26
LH:9
BRDA:29,0,0,0
BRDA:29,0,1,1
BRDA:43,1,0,0
BRDA:43,1,1,0
BRDA:43,1,2,0
BRDA:43,1,3,0
BRF:6
BRH:1
end_of_record
TN:
SF:src/ErrorBoundary.js
FN:13,(anonymous_0)
FN:18,(anonymous_1)
FN:23,(anonymous_2)
FNF:3
FNH:3
FNDA:2,(anonymous_0)
FNDA:1,(anonymous_1)
FNDA:2,(anonymous_2)
DA:14,2
DA:15,1
DA:19,1
DA:20,1
DA:24,2
DA:25,1
DA:40,1
LF:7
LH:7
BRDA:24,0,0,1
BRDA:24,0,1,1
BRF:2
BRH:2
end_of_record
TN:
SF:src/cartHelpers.js
FN:2,(anonymous_0)
FN:11,(anonymous_1)
FN:14,(anonymous_2)
FN:37,(anonymous_3)
FN:51,(anonymous_4)
FNF:5
FNH:0
FNDA:0,(anonymous_0)
FNDA:0,(anonymous_1)
FNDA:0,(anonymous_2)
FNDA:0,(anonymous_3)
FNDA:0,(anonymous_4)
DA:2,1
DA:3,0
DA:4,0
DA:5,0
DA:8,0
DA:11,1
DA:14,1
DA:16,0
DA:17,0
DA:18,0
DA:19,0
DA:20,0
DA:23,0
DA:30,0
DA:31,0
DA:33,0
DA:37,1
DA:39,0
DA:40,0
DA:41,0
DA:42,0
DA:45,0
DA:47,0
DA:51,1
DA:53,0
DA:54,0
DA:55,0
DA:56,0
DA:58,0
LF:29
LH:5
BRDA:4,0,0,0
BRDA:4,0,1,0
BRDA:16,1,0,0
BRDA:16,1,1,0
BRDA:45,2,0,0
BRDA:45,2,1,0
BRF:6
BRH:0
end_of_record
TN:
SF:src/hooks.js
FN:3,(anonymous_0)
FN:6,(anonymous_1)
FNF:2
FNH:1
FNDA:2,(anonymous_0)
FNDA:0,(anonymous_1)
DA:3,1
DA:4,2
DA:6,2
LF:3
LH:3
BRF:0
BRH:0
end_of_record
TN:
SF:src/index.js
FNF:0
FNH:0
DA:8,0
LF:1
LH:0
BRF:0
BRH:0
end_of_record
TN:
SF:src/ships.js
FNF:0
FNH:0
DA:15,2
LF:1
LH:1
BRF:0
BRH:0
end_of_record
TN:
SF:src/Components/Header.js
FN:17,(anonymous_0)
FNF:1
FNH:1
FNDA:2,(anonymous_0)
DA:17,1
DA:20,2
DA:31,2
LF:3
LH:3
BRDA:71,0,0,0
BRDA:71,0,1,2
BRF:2
BRH:1
end_of_record
TN:
SF:src/Components/cart/CartDrawer.js
FN:22,(anonymous_0)
FN:37,(anonymous_1)
FN:43,(anonymous_2)
FNF:3
FNH:3
FNDA:13,(anonymous_0)
FNDA:1,(anonymous_1)
FNDA:9,(anonymous_2)
DA:22,2
DA:31,13
DA:34,13
DA:37,13
DA:38,1
DA:39,1
DA:43,13
DA:44,9
DA:47,13
LF:9
LH:9
BRDA:64,0,0,7
BRDA:64,0,1,6
BRDA:94,1,0,9
BRDA:94,1,1,4
BRF:4
BRH:4
end_of_record
TN:
SF:src/Components/cart/CartDrawerCard.js
FN:12,(anonymous_0)
FN:26,(anonymous_1)
FN:36,(anonymous_2)
FN:46,(anonymous_3)
FNF:4
FNH:4
FNDA:78,(anonymous_0)
FNDA:4,(anonymous_1)
FNDA:2,(anonymous_2)
FNDA:3,(anonymous_3)
DA:12,3
DA:13,78
DA:26,4
DA:36,2
DA:46,3
LF:5
LH:5
BRF:0
BRH:0
end_of_record
TN:
SF:src/Components/checkout/CheckoutForm.js
FN:19,(anonymous_0)
FN:127,(anonymous_1)
FN:158,(anonymous_2)
FNF:3
FNH:3
FNDA:71,(anonymous_0)
FNDA:112,(anonymous_1)
FNDA:84,(anonymous_2)
DA:19,2
DA:25,71
DA:128,112
DA:159,84
LF:4
LH:4
BRDA:40,0,0,0
BRDA:40,0,1,71
BRDA:41,1,0,71
BRDA:41,1,1,0
BRDA:52,2,0,1
BRDA:52,2,1,70
BRDA:53,3,0,71
BRDA:53,3,1,1
BRDA:65,4,0,1
BRDA:65,4,1,70
BRDA:66,5,0,71
BRDA:66,5,1,1
BRDA:77,6,0,1
BRDA:77,6,1,70
BRDA:78,7,0,71
BRDA:78,7,1,1
BRDA:120,8,0,1
BRDA:120,8,1,70
BRDA:121,9,0,71
BRDA:121,9,1,1
BRDA:138,10,0,2
BRDA:138,10,1,110
BRDA:139,11,0,112
BRDA:139,11,1,2
BRDA:169,12,0,2
BRDA:169,12,1,82
BRDA:170,13,0,84
BRDA:170,13,1,2
BRDA:202,14,0,1
BRDA:202,14,1,70
BRDA:203,15,0,71
BRDA:203,15,1,1
BRF:32
BRH:30
end_of_record
TN:
SF:src/Components/checkout/CheckoutModal.js
FN:5,(anonymous_0)
FNF:1
FNH:1
FNDA:71,(anonymous_0)
DA:5,2
DA:7,71
DA:9,71
LF:3
LH:3
BRF:0
BRH:0
end_of_record
TN:
SF:src/Components/checkout/CheckoutPage.js
FN:10,(anonymous_0)
FN:31,(anonymous_1)
FN:41,(anonymous_2)
FN:42,(anonymous_3)
FN:59,(anonymous_4)
FNF:5
FNH:5
FNDA:71,(anonymous_0)
FNDA:2,(anonymous_1)
FNDA:2,(anonymous_2)
FNDA:2,(anonymous_3)
FNDA:1,(anonymous_4)
DA:10,2
DA:13,71
DA:14,71
DA:21,71
DA:22,71
DA:28,71
DA:31,71
DA:34,2
DA:41,2
DA:42,2
DA:43,2
DA:55,2
DA:59,71
DA:60,1
DA:61,1
DA:64,71
LF:16
LH:16
BRDA:36,0,0,0
BRDA:36,0,1,2
BRF:2
BRH:1
end_of_record
TN:
SF:src/Components/checkout/OrderReviewPane.js
FN:17,(anonymous_0)
FN:41,(anonymous_1)
FN:97,(anonymous_2)
FNF:3
FNH:3
FNDA:72,(anonymous_0)
FNDA:69,(anonymous_1)
FNDA:1,(anonymous_2)
DA:17,2
DA:28,72
DA:41,69
DA:97,1
LF:4
LH:4
BRDA:53,0,0,69
BRDA:53,0,1,3
BRDA:58,1,0,69
BRDA:58,1,1,3
BRDA:65,2,0,69
BRDA:65,2,1,3
BRDA:72,3,0,46
BRDA:72,3,1,26
BRDA:72,4,0,72
BRDA:72,4,1,69
BRF:10
BRH:10
end_of_record
TN:
SF:src/Components/checkout/testHelpers.js
FN:5,(anonymous_0)
FN:20,(anonymous_1)
FN:30,(anonymous_2)
FN:43,(anonymous_3)
FNF:4
FNH:4
FNDA:6,(anonymous_0)
FNDA:15,(anonymous_1)
FNDA:3,(anonymous_2)
FNDA:2,(anonymous_3)
DA:5,1
DA:6,6
DA:20,1
DA:21,15
DA:30,1
DA:31,3
DA:43,1
DA:44,2
DA:45,2
DA:46,2
DA:47,2
DA:48,2
DA:49,2
DA:50,2
DA:51,2
LF:15
LH:15
BRDA:20,0,0,0
BRF:1
BRH:0
end_of_record
TN:
SF:src/Components/products/ProductGrid.js
FN:15,(anonymous_0)
FN:24,(anonymous_1)
FN:30,(anonymous_2)
FN:36,(anonymous_3)
FN:41,(anonymous_4)
FNF:5
FNH:5
FNDA:12,(anonymous_0)
FNDA:2,(anonymous_1)
FNDA:60,(anonymous_2)
FNDA:1,(anonymous_3)
FNDA:2,(anonymous_4)
DA:15,2
DA:18,12
DA:21,12
DA:24,12
DA:25,2
DA:26,2
DA:30,12
DA:31,60
DA:36,1
DA:41,2
DA:45,12
LF:11
LH:11
BRF:0
BRH:0
end_of_record
TN:
SF:src/Components/products/ProductModal.js
FN:13,(anonymous_0)
FN:17,(anonymous_1)
FNF:2
FNH:2
FNDA:12,(anonymous_0)
FNDA:1,(anonymous_1)
DA:13,2
DA:16,12
DA:17,1
DA:22,12
LF:4
LH:4
BRF:0
BRH:0
end_of_record
TN:
SF:src/Components/reusable/CreditAmount.js
FN:5,(anonymous_0)
FNF:1
FNH:1
FNDA:581,(anonymous_0)
DA:5,4
DA:6,581
LF:2
LH:2
BRDA:10,0,0,565
BRDA:10,0,1,16
BRF:2
BRH:2
end_of_record
TN:
SF:src/Components/reusable/Modal.js
FN:12,(anonymous_0)
FNF:1
FNH:1
FNDA:83,(anonymous_0)
DA:12,3
DA:20,83
LF:2
LH:2
BRF:0
BRH:0
end_of_record
